<?xml version="1.0" encoding="UTF-8"?>
<!-- Generated by org.testng.reporters.JUnitReportReporter -->
<testsuite hostname="DESKTOP-7UNT7J4" failures="0" tests="2" name="Mavenproject2.Mavenproject2.Testexecution" time="0.008" errors="0" timestamp="2022-07-05T20:07:39 IST" skipped="0">
  <testcase classname="Mavenproject2.Mavenproject2.Testexecution" name="Testcase1" time="0.007"/>
  <system-out/>
  <testcase classname="Mavenproject2.Mavenproject2.Testexecution" name="Testcase2" time="0.001"/>
  <system-out/>
</testsuite> <!-- Mavenproject2.Mavenproject2.Testexecution -->
