<?xml version="1.0" encoding="UTF-8"?>
<!-- Generated by org.testng.reporters.JUnitReportReporter -->
<testsuite hostname="DESKTOP-7UNT7J4" failures="0" tests="2" name="testng.Multiplegrouptestcase1" time="0.009" errors="0" timestamp="2022-07-08T22:58:02 IST" skipped="0">
  <testcase classname="testng.Multiplegrouptestcase1" name="logout" time="0.001"/>
  <system-out/>
  <testcase classname="testng.Multiplegrouptestcase1" name="dashBoard" time="0.008"/>
  <system-out/>
</testsuite> <!-- testng.Multiplegrouptestcase1 -->
