<?xml version="1.0" encoding="UTF-8"?>
<!-- Generated by org.testng.reporters.JUnitReportReporter -->
<testsuite hostname="DESKTOP-7UNT7J4" failures="0" tests="2" name="testng.Testexecution" time="0.026" errors="0" timestamp="2022-07-06T10:00:53 IST" skipped="0">
  <testcase classname="testng.Testexecution" name="Testcase2" time="0.004"/>
  <system-out/>
  <testcase classname="testng.Testexecution" name="Testcase1" time="0.022"/>
  <system-out/>
</testsuite> <!-- testng.Testexecution -->
