<?xml version="1.0" encoding="UTF-8"?>
<!-- Generated by org.testng.reporters.JUnitReportReporter -->
<testsuite hostname="DESKTOP-7UNT7J4" failures="0" tests="2" name="testng.Groupingoftestcase2" time="0.002" errors="0" timestamp="2022-07-08T22:47:10 IST" skipped="0">
  <testcase classname="testng.Groupingoftestcase2" name="searchShares" time="0.001"/>
  <system-out/>
  <testcase classname="testng.Groupingoftestcase2" name="myInfo" time="0.001"/>
  <system-out/>
</testsuite> <!-- testng.Groupingoftestcase2 -->
