<?xml version="1.0" encoding="UTF-8"?>
<!-- Generated by org.testng.reporters.JUnitReportReporter -->
<testsuite hostname="DESKTOP-7UNT7J4" failures="0" tests="2" name="testng.ParallelTest1" time="0.014" errors="0" timestamp="2022-07-06T13:56:55 IST" skipped="0">
  <testcase classname="testng.ParallelTest1" name="login" time="0.002"/>
  <system-out/>
  <testcase classname="testng.ParallelTest1" name="dashBoard" time="0.012"/>
  <system-out/>
</testsuite> <!-- testng.ParallelTest1 -->
