<?xml version="1.0" encoding="UTF-8"?>
<!-- Generated by org.testng.reporters.JUnitReportReporter -->
<testsuite hostname="DESKTOP-7UNT7J4" failures="0" tests="3" name="testng.TestClass2" time="0.009" errors="0" timestamp="2022-07-06T13:35:34 IST" skipped="0">
  <testcase classname="testng.TestClass2" name="profile" time="0.001"/>
  <system-out/>
  <testcase classname="testng.TestClass2" name="logout" time="0.001"/>
  <system-out/>
  <testcase classname="testng.TestClass2" name="home" time="0.007"/>
  <system-out/>
</testsuite> <!-- testng.TestClass2 -->
