<?xml version="1.0" encoding="UTF-8"?>
<!-- Generated by org.testng.reporters.JUnitReportReporter -->
<testsuite hostname="DESKTOP-7UNT7J4" failures="0" tests="2" name="testng.Includeandexclude" time="0.007" errors="0" timestamp="2022-07-08T18:27:55 IST" skipped="0">
  <testcase classname="testng.Includeandexclude" name="home" time="0.007"/>
  <system-out/>
  <testcase classname="testng.Includeandexclude" name="login" time="0.000"/>
  <system-out/>
</testsuite> <!-- testng.Includeandexclude -->
