<?xml version="1.0" encoding="UTF-8"?>
<!-- Generated by org.testng.reporters.JUnitReportReporter -->
<testsuite hostname="DESKTOP-7UNT7J4" failures="0" tests="2" name="testng.AnnotationInTestNG" time="0.018" errors="0" timestamp="2022-07-08T11:07:28 IST" skipped="0">
  <testcase classname="testng.AnnotationInTestNG" name="logoutTest" time="0.003"/>
  <system-out/>
  <testcase classname="testng.AnnotationInTestNG" name="loginTest" time="0.015"/>
  <system-out/>
</testsuite> <!-- testng.AnnotationInTestNG -->
