<?xml version="1.0" encoding="UTF-8"?>
<!-- Generated by org.testng.reporters.JUnitReportReporter -->
<testsuite hostname="DESKTOP-7UNT7J4" failures="0" tests="3" name="testng.Groupingoftestcase1" time="0.010" errors="0" timestamp="2022-07-08T22:47:10 IST" skipped="0">
  <testcase classname="testng.Groupingoftestcase1" name="logout" time="0.002"/>
  <system-out/>
  <testcase classname="testng.Groupingoftestcase1" name="login" time="0.001"/>
  <system-out/>
  <testcase classname="testng.Groupingoftestcase1" name="dashBoard" time="0.007"/>
  <system-out/>
</testsuite> <!-- testng.Groupingoftestcase1 -->
