<?xml version="1.0" encoding="UTF-8"?>
<!-- Generated by org.testng.reporters.JUnitReportReporter -->
<testsuite hostname="DESKTOP-7UNT7J4" failures="0" tests="5" name="testng.SingleClassExecution" time="0.023" errors="0" timestamp="2022-07-06T10:26:50 IST" skipped="0">
  <testcase classname="testng.SingleClassExecution" name="dashBoard" time="0.015"/>
  <system-out/>
  <testcase classname="testng.SingleClassExecution" name="home" time="0.002"/>
  <system-out/>
  <testcase classname="testng.SingleClassExecution" name="logout" time="0.002"/>
  <system-out/>
  <testcase classname="testng.SingleClassExecution" name="login" time="0.003"/>
  <system-out/>
  <testcase classname="testng.SingleClassExecution" name="profile" time="0.001"/>
  <system-out/>
</testsuite> <!-- testng.SingleClassExecution -->
