<?xml version="1.0" encoding="UTF-8"?>
<!-- Generated by org.testng.reporters.JUnitReportReporter -->
<testsuite hostname="DESKTOP-7UNT7J4" failures="0" tests="7" name="testng.Invocationcount" time="0.024" errors="0" timestamp="2022-07-06T10:40:04 IST" skipped="0">
  <testcase classname="testng.Invocationcount" name="home" time="0.014"/>
  <system-out/>
  <testcase classname="testng.Invocationcount" name="home" time="0.002"/>
  <system-out/>
  <testcase classname="testng.Invocationcount" name="home" time="0.001"/>
  <system-out/>
  <testcase classname="testng.Invocationcount" name="home" time="0.002"/>
  <system-out/>
  <testcase classname="testng.Invocationcount" name="home" time="0.001"/>
  <system-out/>
  <testcase classname="testng.Invocationcount" name="logout" time="0.002"/>
  <system-out/>
  <testcase classname="testng.Invocationcount" name="dashBoard" time="0.002"/>
  <system-out/>
</testsuite> <!-- testng.Invocationcount -->
