<?xml version="1.0" encoding="UTF-8"?>
<!-- Generated by org.testng.reporters.JUnitReportReporter -->
<testsuite hostname="DESKTOP-7UNT7J4" failures="0" tests="5" name="testng.SinglePriority" time="0.011" errors="0" timestamp="2022-07-06T10:34:01 IST" skipped="0">
  <testcase classname="testng.SinglePriority" name="login" time="0.009"/>
  <system-out/>
  <testcase classname="testng.SinglePriority" name="dashBoard" time="0.001"/>
  <system-out/>
  <testcase classname="testng.SinglePriority" name="home" time="0.000"/>
  <system-out/>
  <testcase classname="testng.SinglePriority" name="profile" time="0.000"/>
  <system-out/>
  <testcase classname="testng.SinglePriority" name="logout" time="0.001"/>
  <system-out/>
</testsuite> <!-- testng.SinglePriority -->
