<?xml version="1.0" encoding="UTF-8"?>
<!-- Generated by org.testng.reporters.JUnitReportReporter -->
<testsuite hostname="DESKTOP-7UNT7J4" failures="0" tests="1" name="testng.Groupingannotation" time="0.004" errors="0" timestamp="2022-07-08T23:22:34 IST" skipped="0">
  <testcase classname="testng.Groupingannotation" name="logoutTest" time="0.004"/>
  <system-out/>
</testsuite> <!-- testng.Groupingannotation -->
